<?xml version="1.0" encoding="UTF-8"?>
<!-- Generated by org.testng.reporters.JUnitXMLReporter -->
<testsuite ignored="0" hostname="LAPTOP-0CG7VJN0" failures="0" tests="3" name="Default test" time="6.781" errors="0" timestamp="2024-11-28T12:05:28 IST">
  <testcase classname="api.test.TestCreateUser" name="testUsercreation" time="3.36"/>
  <testcase classname="api.test.TestCreateUser" name="testUsercreation" time="1.26"/>
  <testcase classname="api.test.TestCreateUser" name="testUsercreation" time="1.275"/>
</testsuite> <!-- Default test -->
