<?xml version="1.0" encoding="UTF-8"?>
<!-- Generated by org.testng.reporters.JUnitXMLReporter -->
<testsuite ignored="0" hostname="LAPTOP-0CG7VJN0" failures="0" tests="12" name="Test" time="28.049" errors="0" timestamp="2024-09-17T15:53:35 IST">
  <testcase classname="api.test.TestCreateUser" name="testUsercreation" time="4.289"/>
  <testcase classname="api.test.TestCreateUser" name="testUsercreation" time="1.967"/>
  <testcase classname="api.test.TestCreateUser" name="testUsercreation" time="2.349"/>
  <testcase classname="api.test.TestUpdateUserData" name="testUpdateUserByName" time="1.92"/>
  <testcase classname="api.test.TestUpdateUserData" name="testUpdateUserByName" time="1.889"/>
  <testcase classname="api.test.TestUpdateUserData" name="testUpdateUserByName" time="1.944"/>
  <testcase classname="api.test.TestGetUserData" name="testDeleteUserByName" time="2.086"/>
  <testcase classname="api.test.TestGetUserData" name="testDeleteUserByName" time="2.044"/>
  <testcase classname="api.test.TestGetUserData" name="testDeleteUserByName" time="2.041"/>
  <testcase classname="api.test.TestDeleteUser" name="testDeleteUserByName" time="1.949"/>
  <testcase classname="api.test.TestDeleteUser" name="testDeleteUserByName" time="1.943"/>
  <testcase classname="api.test.TestDeleteUser" name="testDeleteUserByName" time="2.046"/>
</testsuite> <!-- Test -->
