<?xml version="1.0" encoding="UTF-8"?>
<!-- Generated by org.testng.reporters.JUnitXMLReporter -->
<testsuite ignored="0" hostname="LAPTOP-0CG7VJN0" failures="0" tests="4" name="Test" time="12.633" errors="0" timestamp="2024-09-16T22:47:46 IST">
  <testcase classname="api.test.testUsercreation" name="testUserCreation" time="4.689"/>
  <testcase classname="api.test.testUsercreation" name="testGetUserByName" time="1.763"/>
  <testcase classname="api.test.testUsercreation" name="testUpdateUserByName" time="3.675"/>
  <testcase classname="api.test.testUsercreation" name="testDeleteUserByName" time="1.813"/>
</testsuite> <!-- Test -->
