<?xml version="1.0" encoding="UTF-8"?>
<!-- Generated by org.testng.reporters.JUnitXMLReporter -->
<testsuite ignored="0" hostname="LAPTOP-0CG7VJN0" failures="0" tests="12" name="Test" time="17.986" errors="0" timestamp="2024-09-18T14:26:18 IST">
  <testcase classname="api.test.TestCreateUser" name="testUsercreation" time="3.198"/>
  <testcase classname="api.test.TestCreateUser" name="testUsercreation" time="1.227"/>
  <testcase classname="api.test.TestCreateUser" name="testUsercreation" time="1.252"/>
  <testcase classname="api.test.TestUpdateUserData" name="testUpdateUserByName" time="1.363"/>
  <testcase classname="api.test.TestUpdateUserData" name="testUpdateUserByName" time="1.176"/>
  <testcase classname="api.test.TestUpdateUserData" name="testUpdateUserByName" time="1.245"/>
  <testcase classname="api.test.TestGetUserData" name="testDeleteUserByName" time="1.182"/>
  <testcase classname="api.test.TestGetUserData" name="testDeleteUserByName" time="1.221"/>
  <testcase classname="api.test.TestGetUserData" name="testDeleteUserByName" time="1.22"/>
  <testcase classname="api.test.TestDeleteUser" name="testDeleteUserByName" time="1.233"/>
  <testcase classname="api.test.TestDeleteUser" name="testDeleteUserByName" time="1.211"/>
  <testcase classname="api.test.TestDeleteUser" name="testDeleteUserByName" time="1.239"/>
</testsuite> <!-- Test -->
