<?xml version="1.0" encoding="UTF-8"?>
<testng-results ignored="0" total="12" passed="12" failed="0" skipped="0">
  <reporter-output>
  </reporter-output>
  <suite started-at="2024-09-18T14:26:00 IST" name="Suite" finished-at="2024-09-18T14:26:18 IST" duration-ms="17986">
    <groups>
    </groups>
    <test started-at="2024-09-18T14:26:00 IST" name="Test" finished-at="2024-09-18T14:26:18 IST" duration-ms="17986">
      <class name="api.test.TestUpdateUserData">
        <test-method signature="testUpdateUserByName(java.lang.String,java.lang.String,java.lang.String,java.lang.String)[pri:0, instance:api.test.TestUpdateUserData@315f43d5]" started-at="2024-09-18T14:26:07 IST" name="testUpdateUserByName" data-provider="updateUser" finished-at="2024-09-18T14:26:08 IST" duration-ms="1363" status="PASS">
          <params>
            <param index="0">
              <value>
                <![CDATA[amites]]>
              </value>
            </param>
            <param index="1">
              <value>
                <![CDATA[ami]]>
              </value>
            </param>
            <param index="2">
              <value>
                <![CDATA[aminaha]]>
              </value>
            </param>
            <param index="3">
              <value>
                <![CDATA[amunaa@gmai.com]]>
              </value>
            </param>
          </params>
          <reporter-output>
          </reporter-output>
        </test-method> <!-- testUpdateUserByName -->
        <test-method signature="testUpdateUserByName(java.lang.String,java.lang.String,java.lang.String,java.lang.String)[pri:0, instance:api.test.TestUpdateUserData@315f43d5]" started-at="2024-09-18T14:26:08 IST" name="testUpdateUserByName" data-provider="updateUser" finished-at="2024-09-18T14:26:09 IST" duration-ms="1176" status="PASS">
          <params>
            <param index="0">
              <value>
                <![CDATA[amitesuduwd]]>
              </value>
            </param>
            <param index="1">
              <value>
                <![CDATA[oyeoyeoye]]>
              </value>
            </param>
            <param index="2">
              <value>
                <![CDATA[oyoyoy]]>
              </value>
            </param>
            <param index="3">
              <value>
                <![CDATA[amtetdvyd@gmail.com]]>
              </value>
            </param>
          </params>
          <reporter-output>
          </reporter-output>
        </test-method> <!-- testUpdateUserByName -->
        <test-method signature="testUpdateUserByName(java.lang.String,java.lang.String,java.lang.String,java.lang.String)[pri:0, instance:api.test.TestUpdateUserData@315f43d5]" started-at="2024-09-18T14:26:09 IST" name="testUpdateUserByName" data-provider="updateUser" finished-at="2024-09-18T14:26:10 IST" duration-ms="1245" status="PASS">
          <params>
            <param index="0">
              <value>
                <![CDATA[bdefhbwef]]>
              </value>
            </param>
            <param index="1">
              <value>
                <![CDATA[mitesh]]>
              </value>
            </param>
            <param index="2">
              <value>
                <![CDATA[hahaha]]>
              </value>
            </param>
            <param index="3">
              <value>
                <![CDATA[ha@gmail.com]]>
              </value>
            </param>
          </params>
          <reporter-output>
          </reporter-output>
        </test-method> <!-- testUpdateUserByName -->
      </class> <!-- api.test.TestUpdateUserData -->
      <class name="api.test.TestGetUserData">
        <test-method signature="testDeleteUserByName(java.lang.String)[pri:0, instance:api.test.TestGetUserData@68fa0ba8]" started-at="2024-09-18T14:26:10 IST" name="testDeleteUserByName" data-provider="getUser" finished-at="2024-09-18T14:26:12 IST" duration-ms="1182" status="PASS">
          <params>
            <param index="0">
              <value>
                <![CDATA[amites]]>
              </value>
            </param>
          </params>
          <reporter-output>
          </reporter-output>
        </test-method> <!-- testDeleteUserByName -->
        <test-method signature="testDeleteUserByName(java.lang.String)[pri:0, instance:api.test.TestGetUserData@68fa0ba8]" started-at="2024-09-18T14:26:12 IST" name="testDeleteUserByName" data-provider="getUser" finished-at="2024-09-18T14:26:13 IST" duration-ms="1221" status="PASS">
          <params>
            <param index="0">
              <value>
                <![CDATA[amitesuduwd]]>
              </value>
            </param>
          </params>
          <reporter-output>
          </reporter-output>
        </test-method> <!-- testDeleteUserByName -->
        <test-method signature="testDeleteUserByName(java.lang.String)[pri:0, instance:api.test.TestGetUserData@68fa0ba8]" started-at="2024-09-18T14:26:13 IST" name="testDeleteUserByName" data-provider="getUser" finished-at="2024-09-18T14:26:14 IST" duration-ms="1220" status="PASS">
          <params>
            <param index="0">
              <value>
                <![CDATA[bdefhbwef]]>
              </value>
            </param>
          </params>
          <reporter-output>
          </reporter-output>
        </test-method> <!-- testDeleteUserByName -->
      </class> <!-- api.test.TestGetUserData -->
      <class name="api.test.TestCreateUser">
        <test-method signature="testUsercreation(java.lang.String,java.lang.String,java.lang.String,java.lang.String,java.lang.String,java.lang.String)[pri:0, instance:api.test.TestCreateUser@3a1dd365]" started-at="2024-09-18T14:26:01 IST" name="testUsercreation" data-provider="createUser" finished-at="2024-09-18T14:26:04 IST" duration-ms="3198" status="PASS">
          <params>
            <param index="0">
              <value>
                <![CDATA[amites]]>
              </value>
            </param>
            <param index="1">
              <value>
                <![CDATA[ami]]>
              </value>
            </param>
            <param index="2">
              <value>
                <![CDATA[yoyo]]>
              </value>
            </param>
            <param index="3">
              <value>
                <![CDATA[ami@gmai.com]]>
              </value>
            </param>
            <param index="4">
              <value>
                <![CDATA[qwerty]]>
              </value>
            </param>
            <param index="5">
              <value>
                <![CDATA[12345678]]>
              </value>
            </param>
          </params>
          <reporter-output>
          </reporter-output>
        </test-method> <!-- testUsercreation -->
        <test-method signature="testUsercreation(java.lang.String,java.lang.String,java.lang.String,java.lang.String,java.lang.String,java.lang.String)[pri:0, instance:api.test.TestCreateUser@3a1dd365]" started-at="2024-09-18T14:26:04 IST" name="testUsercreation" data-provider="createUser" finished-at="2024-09-18T14:26:05 IST" duration-ms="1227" status="PASS">
          <params>
            <param index="0">
              <value>
                <![CDATA[amitesuduwd]]>
              </value>
            </param>
            <param index="1">
              <value>
                <![CDATA[amitesh]]>
              </value>
            </param>
            <param index="2">
              <value>
                <![CDATA[nininin]]>
              </value>
            </param>
            <param index="3">
              <value>
                <![CDATA[luu@gmail.com]]>
              </value>
            </param>
            <param index="4">
              <value>
                <![CDATA[asdfgh]]>
              </value>
            </param>
            <param index="5">
              <value>
                <![CDATA[8765432]]>
              </value>
            </param>
          </params>
          <reporter-output>
          </reporter-output>
        </test-method> <!-- testUsercreation -->
        <test-method signature="testUsercreation(java.lang.String,java.lang.String,java.lang.String,java.lang.String,java.lang.String,java.lang.String)[pri:0, instance:api.test.TestCreateUser@3a1dd365]" started-at="2024-09-18T14:26:05 IST" name="testUsercreation" data-provider="createUser" finished-at="2024-09-18T14:26:07 IST" duration-ms="1252" status="PASS">
          <params>
            <param index="0">
              <value>
                <![CDATA[bdefhbwef]]>
              </value>
            </param>
            <param index="1">
              <value>
                <![CDATA[mit]]>
              </value>
            </param>
            <param index="2">
              <value>
                <![CDATA[hahaha]]>
              </value>
            </param>
            <param index="3">
              <value>
                <![CDATA[haha@gmail.com]]>
              </value>
            </param>
            <param index="4">
              <value>
                <![CDATA[sdfghjkl]]>
              </value>
            </param>
            <param index="5">
              <value>
                <![CDATA[2345678]]>
              </value>
            </param>
          </params>
          <reporter-output>
          </reporter-output>
        </test-method> <!-- testUsercreation -->
      </class> <!-- api.test.TestCreateUser -->
      <class name="api.test.TestDeleteUser">
        <test-method signature="testDeleteUserByName(java.lang.String)[pri:0, instance:api.test.TestDeleteUser@6c5945a7]" started-at="2024-09-18T14:26:14 IST" name="testDeleteUserByName" data-provider="deleteUser" finished-at="2024-09-18T14:26:15 IST" duration-ms="1233" status="PASS">
          <params>
            <param index="0">
              <value>
                <![CDATA[amites]]>
              </value>
            </param>
          </params>
          <reporter-output>
          </reporter-output>
        </test-method> <!-- testDeleteUserByName -->
        <test-method signature="testDeleteUserByName(java.lang.String)[pri:0, instance:api.test.TestDeleteUser@6c5945a7]" started-at="2024-09-18T14:26:15 IST" name="testDeleteUserByName" data-provider="deleteUser" finished-at="2024-09-18T14:26:17 IST" duration-ms="1211" status="PASS">
          <params>
            <param index="0">
              <value>
                <![CDATA[amitesuduwd]]>
              </value>
            </param>
          </params>
          <reporter-output>
          </reporter-output>
        </test-method> <!-- testDeleteUserByName -->
        <test-method signature="testDeleteUserByName(java.lang.String)[pri:0, instance:api.test.TestDeleteUser@6c5945a7]" started-at="2024-09-18T14:26:17 IST" name="testDeleteUserByName" data-provider="deleteUser" finished-at="2024-09-18T14:26:18 IST" duration-ms="1239" status="PASS">
          <params>
            <param index="0">
              <value>
                <![CDATA[bdefhbwef]]>
              </value>
            </param>
          </params>
          <reporter-output>
          </reporter-output>
        </test-method> <!-- testDeleteUserByName -->
      </class> <!-- api.test.TestDeleteUser -->
    </test> <!-- Test -->
  </suite> <!-- Suite -->
</testng-results>
