<?xml version="1.0" encoding="UTF-8"?>
<testng-results ignored="0" total="4" passed="4" failed="0" skipped="0">
  <reporter-output>
  </reporter-output>
  <suite started-at="2024-09-17T10:11:35 IST" name="Suite" finished-at="2024-09-17T10:11:47 IST" duration-ms="11609">
    <groups>
    </groups>
    <test started-at="2024-09-17T10:11:35 IST" name="Test" finished-at="2024-09-17T10:11:47 IST" duration-ms="11609">
      <class name="api.test.testUsercreation">
        <test-method is-config="true" signature="setupData()[pri:0, instance:api.test.testUsercreation@6f8f9349]" started-at="2024-09-17T10:11:36 IST" name="setupData" finished-at="2024-09-17T10:11:36 IST" duration-ms="284" status="PASS">
          <reporter-output>
          </reporter-output>
        </test-method> <!-- setupData -->
        <test-method signature="testUserCreation()[pri:1, instance:api.test.testUsercreation@6f8f9349]" started-at="2024-09-17T10:11:36 IST" name="testUserCreation" finished-at="2024-09-17T10:11:41 IST" duration-ms="4761" status="PASS">
          <reporter-output>
          </reporter-output>
        </test-method> <!-- testUserCreation -->
        <test-method signature="testGetUserByName()[pri:2, instance:api.test.testUsercreation@6f8f9349]" started-at="2024-09-17T10:11:41 IST" name="testGetUserByName" finished-at="2024-09-17T10:11:42 IST" duration-ms="1582" status="PASS">
          <reporter-output>
          </reporter-output>
        </test-method> <!-- testGetUserByName -->
        <test-method signature="testUpdateUserByName()[pri:3, instance:api.test.testUsercreation@6f8f9349]" started-at="2024-09-17T10:11:42 IST" name="testUpdateUserByName" finished-at="2024-09-17T10:11:46 IST" duration-ms="3054" status="PASS">
          <reporter-output>
          </reporter-output>
        </test-method> <!-- testUpdateUserByName -->
        <test-method signature="testDeleteUserByName()[pri:4, instance:api.test.testUsercreation@6f8f9349]" started-at="2024-09-17T10:11:46 IST" name="testDeleteUserByName" finished-at="2024-09-17T10:11:47 IST" duration-ms="1552" status="PASS">
          <reporter-output>
          </reporter-output>
        </test-method> <!-- testDeleteUserByName -->
      </class> <!-- api.test.testUsercreation -->
    </test> <!-- Test -->
  </suite> <!-- Suite -->
</testng-results>
