<?xml version="1.0" encoding="UTF-8"?>
<testsuite xmlns:xsi="http://www.w3.org/2001/XMLSchema-instance" xsi:noNamespaceSchemaLocation="https://maven.apache.org/surefire/maven-surefire-plugin/xsd/surefire-test-report.xsd" version="3.0.2" name="TestSuite" time="50.476" tests="12" errors="0" skipped="0" failures="0">
  <properties>
[...]
</properties>
  <testcase name="testUsercreation[amites, ami, yoyo, ami@gmai.com, qwerty, 12345678](1)" classname="api.test.TestCreateUser" time="6.607">
    <system-out><![CDATA[2024-10-05T16:47:50.004798200Z main ERROR appender File has no parameter that matches element DefaultRolloverStrategy
]]></system-out>
    <system-err><![CDATA[log4j:WARN No appenders could be found for logger (org.apache.http.impl.conn.BasicClientConnectionManager).
log4j:WARN Please initialize the log4j system properly.
log4j:WARN See http://logging.apache.org/log4j/1.2/faq.html#noconfig for more info.
]]></system-err>
  </testcase>
  <testcase name="testUsercreation[amitesuduwd, amitesh, nininin, luu@gmail.com, asdfgh, 8765432](2)" classname="api.test.TestCreateUser" time="4.019"/>
  <testcase name="testUsercreation[bdefhbwef, mit, hahaha, haha@gmail.com, sdfghjkl, 2345678](3)" classname="api.test.TestCreateUser" time="3.783"/>
  <testcase name="testUpdateUserByName[amites, ami, aminaha, amunaa@gmai.com](1)" classname="api.test.TestUpdateUserData" time="3.882">
    <system-out><![CDATA[HTTP/1.1 200 OK
Date: Sat, 05 Oct 2024 16:48:10 GMT
Content-Type: application/json
Transfer-Encoding: chunked
Connection: keep-alive
Access-Control-Allow-Origin: *
Access-Control-Allow-Methods: GET, POST, DELETE, PUT
Access-Control-Allow-Headers: Content-Type, api_key, Authorization
Server: Jetty(9.2.9.v20150224)

{
    "code": 200,
    "type": "unknown",
    "message": "0"
}
]]></system-out>
  </testcase>
  <testcase name="testUpdateUserByName[amitesuduwd, oyeoyeoye, oyoyoy, amtetdvyd@gmail.com](2)" classname="api.test.TestUpdateUserData" time="3.311">
    <system-out><![CDATA[HTTP/1.1 200 OK
Date: Sat, 05 Oct 2024 16:48:13 GMT
Content-Type: application/json
Transfer-Encoding: chunked
Connection: keep-alive
Access-Control-Allow-Origin: *
Access-Control-Allow-Methods: GET, POST, DELETE, PUT
Access-Control-Allow-Headers: Content-Type, api_key, Authorization
Server: Jetty(9.2.9.v20150224)

{
    "code": 200,
    "type": "unknown",
    "message": "0"
}
]]></system-out>
  </testcase>
  <testcase name="testUpdateUserByName[bdefhbwef, mitesh, hahaha, ha@gmail.com](3)" classname="api.test.TestUpdateUserData" time="3.584">
    <system-out><![CDATA[HTTP/1.1 200 OK
Date: Sat, 05 Oct 2024 16:48:17 GMT
Content-Type: application/json
Transfer-Encoding: chunked
Connection: keep-alive
Access-Control-Allow-Origin: *
Access-Control-Allow-Methods: GET, POST, DELETE, PUT
Access-Control-Allow-Headers: Content-Type, api_key, Authorization
Server: Jetty(9.2.9.v20150224)

{
    "code": 200,
    "type": "unknown",
    "message": "0"
}
]]></system-out>
  </testcase>
  <testcase name="testDeleteUserByName[amites](1)" classname="api.test.TestGetUserData" time="3.386">
    <system-out><![CDATA[HTTP/1.1 200 OK
Date: Sat, 05 Oct 2024 16:48:20 GMT
Content-Type: application/json
Transfer-Encoding: chunked
Connection: keep-alive
Access-Control-Allow-Origin: *
Access-Control-Allow-Methods: GET, POST, DELETE, PUT
Access-Control-Allow-Headers: Content-Type, api_key, Authorization
Server: Jetty(9.2.9.v20150224)

{
    "id": 9223372036854768395,
    "username": "amites",
    "email": "ami@gmai.com",
    "password": "qwerty",
    "phone": "12345678",
    "userStatus": 0
}
]]></system-out>
  </testcase>
  <testcase name="testDeleteUserByName[amitesuduwd](2)" classname="api.test.TestGetUserData" time="3.377">
    <system-out><![CDATA[HTTP/1.1 200 OK
Date: Sat, 05 Oct 2024 16:48:24 GMT
Content-Type: application/json
Transfer-Encoding: chunked
Connection: keep-alive
Access-Control-Allow-Origin: *
Access-Control-Allow-Methods: GET, POST, DELETE, PUT
Access-Control-Allow-Headers: Content-Type, api_key, Authorization
Server: Jetty(9.2.9.v20150224)

{
    "id": 9223372036854768396,
    "username": "amitesuduwd",
    "email": "luu@gmail.com",
    "password": "asdfgh",
    "phone": "8765432",
    "userStatus": 0
}
]]></system-out>
  </testcase>
  <testcase name="testDeleteUserByName[bdefhbwef](3)" classname="api.test.TestGetUserData" time="3.704">
    <system-out><![CDATA[HTTP/1.1 200 OK
Date: Sat, 05 Oct 2024 16:48:27 GMT
Content-Type: application/json
Transfer-Encoding: chunked
Connection: keep-alive
Access-Control-Allow-Origin: *
Access-Control-Allow-Methods: GET, POST, DELETE, PUT
Access-Control-Allow-Headers: Content-Type, api_key, Authorization
Server: Jetty(9.2.9.v20150224)

{
    "id": 9223372036854768399,
    "username": "bdefhbwef",
    "email": "haha@gmail.com",
    "password": "sdfghjkl",
    "phone": "2345678",
    "userStatus": 0
}
]]></system-out>
  </testcase>
  <testcase name="testDeleteUserByName[amites](1)" classname="api.test.TestDeleteUser" time="3.503">
    <system-out><![CDATA[HTTP/1.1 200 OK
Date: Sat, 05 Oct 2024 16:48:31 GMT
Content-Type: application/json
Transfer-Encoding: chunked
Connection: keep-alive
Access-Control-Allow-Origin: *
Access-Control-Allow-Methods: GET, POST, DELETE, PUT
Access-Control-Allow-Headers: Content-Type, api_key, Authorization
Server: Jetty(9.2.9.v20150224)

{
    "code": 200,
    "type": "unknown",
    "message": "amites"
}
]]></system-out>
  </testcase>
  <testcase name="testDeleteUserByName[amitesuduwd](2)" classname="api.test.TestDeleteUser" time="3.694">
    <system-out><![CDATA[HTTP/1.1 200 OK
Date: Sat, 05 Oct 2024 16:48:35 GMT
Content-Type: application/json
Transfer-Encoding: chunked
Connection: keep-alive
Access-Control-Allow-Origin: *
Access-Control-Allow-Methods: GET, POST, DELETE, PUT
Access-Control-Allow-Headers: Content-Type, api_key, Authorization
Server: Jetty(9.2.9.v20150224)

{
    "code": 200,
    "type": "unknown",
    "message": "amitesuduwd"
}
]]></system-out>
  </testcase>
  <testcase name="testDeleteUserByName[bdefhbwef](3)" classname="api.test.TestDeleteUser" time="3.265">
    <system-out><![CDATA[HTTP/1.1 200 OK
Date: Sat, 05 Oct 2024 16:48:38 GMT
Content-Type: application/json
Transfer-Encoding: chunked
Connection: keep-alive
Access-Control-Allow-Origin: *
Access-Control-Allow-Methods: GET, POST, DELETE, PUT
Access-Control-Allow-Headers: Content-Type, api_key, Authorization
Server: Jetty(9.2.9.v20150224)

{
    "code": 200,
    "type": "unknown",
    "message": "bdefhbwef"
}
]]></system-out>
  </testcase>
</testsuite>