<?xml version="1.0" encoding="UTF-8"?>
<testng-results ignored="0" total="12" passed="12" failed="0" skipped="0">
  <reporter-output>
  </reporter-output>
  <suite started-at="2024-09-17T15:53:06 IST" name="Suite" finished-at="2024-09-17T15:53:34 IST" duration-ms="28049">
    <groups>
    </groups>
    <test started-at="2024-09-17T15:53:06 IST" name="Test" finished-at="2024-09-17T15:53:34 IST" duration-ms="28049">
      <class name="api.test.TestUpdateUserData">
        <test-method signature="testUpdateUserByName(java.lang.String,java.lang.String,java.lang.String,java.lang.String)[pri:0, instance:api.test.TestUpdateUserData@1601e47]" started-at="2024-09-17T15:53:16 IST" name="testUpdateUserByName" data-provider="updateUser" finished-at="2024-09-17T15:53:18 IST" duration-ms="1920" status="PASS">
          <params>
            <param index="0">
              <value>
                <![CDATA[amites]]>
              </value>
            </param>
            <param index="1">
              <value>
                <![CDATA[ami]]>
              </value>
            </param>
            <param index="2">
              <value>
                <![CDATA[aminaha]]>
              </value>
            </param>
            <param index="3">
              <value>
                <![CDATA[amunaa@gmai.com]]>
              </value>
            </param>
          </params>
          <reporter-output>
          </reporter-output>
        </test-method> <!-- testUpdateUserByName -->
        <test-method signature="testUpdateUserByName(java.lang.String,java.lang.String,java.lang.String,java.lang.String)[pri:0, instance:api.test.TestUpdateUserData@1601e47]" started-at="2024-09-17T15:53:18 IST" name="testUpdateUserByName" data-provider="updateUser" finished-at="2024-09-17T15:53:20 IST" duration-ms="1889" status="PASS">
          <params>
            <param index="0">
              <value>
                <![CDATA[amitesuduwd]]>
              </value>
            </param>
            <param index="1">
              <value>
                <![CDATA[oyeoyeoye]]>
              </value>
            </param>
            <param index="2">
              <value>
                <![CDATA[oyoyoy]]>
              </value>
            </param>
            <param index="3">
              <value>
                <![CDATA[amtetdvyd@gmail.com]]>
              </value>
            </param>
          </params>
          <reporter-output>
          </reporter-output>
        </test-method> <!-- testUpdateUserByName -->
        <test-method signature="testUpdateUserByName(java.lang.String,java.lang.String,java.lang.String,java.lang.String)[pri:0, instance:api.test.TestUpdateUserData@1601e47]" started-at="2024-09-17T15:53:20 IST" name="testUpdateUserByName" data-provider="updateUser" finished-at="2024-09-17T15:53:22 IST" duration-ms="1944" status="PASS">
          <params>
            <param index="0">
              <value>
                <![CDATA[bdefhbwef]]>
              </value>
            </param>
            <param index="1">
              <value>
                <![CDATA[mitesh]]>
              </value>
            </param>
            <param index="2">
              <value>
                <![CDATA[hahaha]]>
              </value>
            </param>
            <param index="3">
              <value>
                <![CDATA[ha@gmail.com]]>
              </value>
            </param>
          </params>
          <reporter-output>
          </reporter-output>
        </test-method> <!-- testUpdateUserByName -->
      </class> <!-- api.test.TestUpdateUserData -->
      <class name="api.test.TestGetUserData">
        <test-method signature="testDeleteUserByName(java.lang.String)[pri:0, instance:api.test.TestGetUserData@3bffddff]" started-at="2024-09-17T15:53:22 IST" name="testDeleteUserByName" data-provider="getUser" finished-at="2024-09-17T15:53:24 IST" duration-ms="2086" status="PASS">
          <params>
            <param index="0">
              <value>
                <![CDATA[amites]]>
              </value>
            </param>
          </params>
          <reporter-output>
          </reporter-output>
        </test-method> <!-- testDeleteUserByName -->
        <test-method signature="testDeleteUserByName(java.lang.String)[pri:0, instance:api.test.TestGetUserData@3bffddff]" started-at="2024-09-17T15:53:24 IST" name="testDeleteUserByName" data-provider="getUser" finished-at="2024-09-17T15:53:26 IST" duration-ms="2044" status="PASS">
          <params>
            <param index="0">
              <value>
                <![CDATA[amitesuduwd]]>
              </value>
            </param>
          </params>
          <reporter-output>
          </reporter-output>
        </test-method> <!-- testDeleteUserByName -->
        <test-method signature="testDeleteUserByName(java.lang.String)[pri:0, instance:api.test.TestGetUserData@3bffddff]" started-at="2024-09-17T15:53:26 IST" name="testDeleteUserByName" data-provider="getUser" finished-at="2024-09-17T15:53:28 IST" duration-ms="2041" status="PASS">
          <params>
            <param index="0">
              <value>
                <![CDATA[bdefhbwef]]>
              </value>
            </param>
          </params>
          <reporter-output>
          </reporter-output>
        </test-method> <!-- testDeleteUserByName -->
      </class> <!-- api.test.TestGetUserData -->
      <class name="api.test.TestCreateUser">
        <test-method signature="testUsercreation(java.lang.String,java.lang.String,java.lang.String,java.lang.String,java.lang.String,java.lang.String)[pri:0, instance:api.test.TestCreateUser@372ea2bc]" started-at="2024-09-17T15:53:08 IST" name="testUsercreation" data-provider="createUser" finished-at="2024-09-17T15:53:12 IST" duration-ms="4289" status="PASS">
          <params>
            <param index="0">
              <value>
                <![CDATA[amites]]>
              </value>
            </param>
            <param index="1">
              <value>
                <![CDATA[ami]]>
              </value>
            </param>
            <param index="2">
              <value>
                <![CDATA[yoyo]]>
              </value>
            </param>
            <param index="3">
              <value>
                <![CDATA[ami@gmai.com]]>
              </value>
            </param>
            <param index="4">
              <value>
                <![CDATA[qwerty]]>
              </value>
            </param>
            <param index="5">
              <value>
                <![CDATA[12345678]]>
              </value>
            </param>
          </params>
          <reporter-output>
          </reporter-output>
        </test-method> <!-- testUsercreation -->
        <test-method signature="testUsercreation(java.lang.String,java.lang.String,java.lang.String,java.lang.String,java.lang.String,java.lang.String)[pri:0, instance:api.test.TestCreateUser@372ea2bc]" started-at="2024-09-17T15:53:12 IST" name="testUsercreation" data-provider="createUser" finished-at="2024-09-17T15:53:14 IST" duration-ms="1967" status="PASS">
          <params>
            <param index="0">
              <value>
                <![CDATA[amitesuduwd]]>
              </value>
            </param>
            <param index="1">
              <value>
                <![CDATA[amitesh]]>
              </value>
            </param>
            <param index="2">
              <value>
                <![CDATA[nininin]]>
              </value>
            </param>
            <param index="3">
              <value>
                <![CDATA[luu@gmail.com]]>
              </value>
            </param>
            <param index="4">
              <value>
                <![CDATA[asdfgh]]>
              </value>
            </param>
            <param index="5">
              <value>
                <![CDATA[8765432]]>
              </value>
            </param>
          </params>
          <reporter-output>
          </reporter-output>
        </test-method> <!-- testUsercreation -->
        <test-method signature="testUsercreation(java.lang.String,java.lang.String,java.lang.String,java.lang.String,java.lang.String,java.lang.String)[pri:0, instance:api.test.TestCreateUser@372ea2bc]" started-at="2024-09-17T15:53:14 IST" name="testUsercreation" data-provider="createUser" finished-at="2024-09-17T15:53:16 IST" duration-ms="2349" status="PASS">
          <params>
            <param index="0">
              <value>
                <![CDATA[bdefhbwef]]>
              </value>
            </param>
            <param index="1">
              <value>
                <![CDATA[mit]]>
              </value>
            </param>
            <param index="2">
              <value>
                <![CDATA[hahaha]]>
              </value>
            </param>
            <param index="3">
              <value>
                <![CDATA[haha@gmail.com]]>
              </value>
            </param>
            <param index="4">
              <value>
                <![CDATA[sdfghjkl]]>
              </value>
            </param>
            <param index="5">
              <value>
                <![CDATA[2345678]]>
              </value>
            </param>
          </params>
          <reporter-output>
          </reporter-output>
        </test-method> <!-- testUsercreation -->
      </class> <!-- api.test.TestCreateUser -->
      <class name="api.test.TestDeleteUser">
        <test-method signature="testDeleteUserByName(java.lang.String)[pri:0, instance:api.test.TestDeleteUser@66971f6b]" started-at="2024-09-17T15:53:28 IST" name="testDeleteUserByName" data-provider="deleteUser" finished-at="2024-09-17T15:53:30 IST" duration-ms="1949" status="PASS">
          <params>
            <param index="0">
              <value>
                <![CDATA[amites]]>
              </value>
            </param>
          </params>
          <reporter-output>
          </reporter-output>
        </test-method> <!-- testDeleteUserByName -->
        <test-method signature="testDeleteUserByName(java.lang.String)[pri:0, instance:api.test.TestDeleteUser@66971f6b]" started-at="2024-09-17T15:53:30 IST" name="testDeleteUserByName" data-provider="deleteUser" finished-at="2024-09-17T15:53:32 IST" duration-ms="1943" status="PASS">
          <params>
            <param index="0">
              <value>
                <![CDATA[amitesuduwd]]>
              </value>
            </param>
          </params>
          <reporter-output>
          </reporter-output>
        </test-method> <!-- testDeleteUserByName -->
        <test-method signature="testDeleteUserByName(java.lang.String)[pri:0, instance:api.test.TestDeleteUser@66971f6b]" started-at="2024-09-17T15:53:32 IST" name="testDeleteUserByName" data-provider="deleteUser" finished-at="2024-09-17T15:53:34 IST" duration-ms="2046" status="PASS">
          <params>
            <param index="0">
              <value>
                <![CDATA[bdefhbwef]]>
              </value>
            </param>
          </params>
          <reporter-output>
          </reporter-output>
        </test-method> <!-- testDeleteUserByName -->
      </class> <!-- api.test.TestDeleteUser -->
    </test> <!-- Test -->
  </suite> <!-- Suite -->
</testng-results>
